runid                 	all	END
num_q                 	all	25
num_ret               	all	25000
num_rel               	all	2132
num_rel_ret           	all	907
map                   	all	0.1105
gm_map                	all	0.0638
Rprec                 	all	0.1602
bpref                 	all	0.1666
recip_rank            	all	0.5572
iprec_at_recall_0.00  	all	0.6015
iprec_at_recall_0.10  	all	0.2982
iprec_at_recall_0.20  	all	0.1595
iprec_at_recall_0.30  	all	0.1114
iprec_at_recall_0.40  	all	0.0875
iprec_at_recall_0.50  	all	0.0698
iprec_at_recall_0.60  	all	0.0611
iprec_at_recall_0.70  	all	0.0469
iprec_at_recall_0.80  	all	0.0403
iprec_at_recall_0.90  	all	0.0297
iprec_at_recall_1.00  	all	0.0039
P_5                   	all	0.3600
P_10                  	all	0.3200
P_15                  	all	0.2720
P_20                  	all	0.2560
P_30                  	all	0.2067
P_100                 	all	0.1104
P_200                 	all	0.0826
P_500                 	all	0.0524
P_1000                	all	0.0363
