runid                 	all	END
num_q                 	all	25
num_ret               	all	25000
num_rel               	all	2132
num_rel_ret           	all	1396
map                   	all	0.2949
gm_map                	all	0.2309
Rprec                 	all	0.3417
bpref                 	all	0.3036
recip_rank            	all	0.8794
iprec_at_recall_0.00  	all	0.9185
iprec_at_recall_0.10  	all	0.6165
iprec_at_recall_0.20  	all	0.4797
iprec_at_recall_0.30  	all	0.4030
iprec_at_recall_0.40  	all	0.3216
iprec_at_recall_0.50  	all	0.2635
iprec_at_recall_0.60  	all	0.1887
iprec_at_recall_0.70  	all	0.1519
iprec_at_recall_0.80  	all	0.1024
iprec_at_recall_0.90  	all	0.0638
iprec_at_recall_1.00  	all	0.0082
P_5                   	all	0.6240
P_10                  	all	0.5520
P_15                  	all	0.4907
P_20                  	all	0.4600
P_30                  	all	0.4093
P_100                 	all	0.2592
P_200                 	all	0.1746
P_500                 	all	0.0958
P_1000                	all	0.0558
