runid                 	all	END
num_q                 	all	25
num_ret               	all	25000
num_rel               	all	2132
num_rel_ret           	all	1426
map                   	all	0.3086
gm_map                	all	0.2475
Rprec                 	all	0.3606
bpref                 	all	0.3140
recip_rank            	all	0.9057
iprec_at_recall_0.00  	all	0.9276
iprec_at_recall_0.10  	all	0.6237
iprec_at_recall_0.20  	all	0.4995
iprec_at_recall_0.30  	all	0.4257
iprec_at_recall_0.40  	all	0.3381
iprec_at_recall_0.50  	all	0.2753
iprec_at_recall_0.60  	all	0.2080
iprec_at_recall_0.70  	all	0.1671
iprec_at_recall_0.80  	all	0.1238
iprec_at_recall_0.90  	all	0.0759
iprec_at_recall_1.00  	all	0.0054
P_5                   	all	0.6400
P_10                  	all	0.5760
P_15                  	all	0.5360
P_20                  	all	0.4860
P_30                  	all	0.4213
P_100                 	all	0.2712
P_200                 	all	0.1786
P_500                 	all	0.0986
P_1000                	all	0.0570
