runid                 	all	END
num_q                 	all	25
num_ret               	all	25000
num_rel               	all	2132
num_rel_ret           	all	1371
map                   	all	0.2833
gm_map                	all	0.2213
Rprec                 	all	0.3385
bpref                 	all	0.2975
recip_rank            	all	0.8594
iprec_at_recall_0.00  	all	0.8876
iprec_at_recall_0.10  	all	0.6060
iprec_at_recall_0.20  	all	0.4818
iprec_at_recall_0.30  	all	0.3885
iprec_at_recall_0.40  	all	0.3032
iprec_at_recall_0.50  	all	0.2511
iprec_at_recall_0.60  	all	0.1857
iprec_at_recall_0.70  	all	0.1452
iprec_at_recall_0.80  	all	0.0895
iprec_at_recall_0.90  	all	0.0489
iprec_at_recall_1.00  	all	0.0053
P_5                   	all	0.6320
P_10                  	all	0.5320
P_15                  	all	0.4960
P_20                  	all	0.4620
P_30                  	all	0.4187
P_100                 	all	0.2556
P_200                 	all	0.1698
P_500                 	all	0.0924
P_1000                	all	0.0548
