runid                 	all	END
num_q                 	all	25
num_ret               	all	25000
num_rel               	all	2132
num_rel_ret           	all	1414
map                   	all	0.3043
gm_map                	all	0.2358
Rprec                 	all	0.3448
bpref                 	all	0.3109
recip_rank            	all	0.8761
iprec_at_recall_0.00  	all	0.9068
iprec_at_recall_0.10  	all	0.6390
iprec_at_recall_0.20  	all	0.4964
iprec_at_recall_0.30  	all	0.4038
iprec_at_recall_0.40  	all	0.3346
iprec_at_recall_0.50  	all	0.2757
iprec_at_recall_0.60  	all	0.2102
iprec_at_recall_0.70  	all	0.1647
iprec_at_recall_0.80  	all	0.1044
iprec_at_recall_0.90  	all	0.0705
iprec_at_recall_1.00  	all	0.0108
P_5                   	all	0.6160
P_10                  	all	0.5640
P_15                  	all	0.5280
P_20                  	all	0.4780
P_30                  	all	0.4147
P_100                 	all	0.2652
P_200                 	all	0.1766
P_500                 	all	0.0963
P_1000                	all	0.0566
