runid                 	all	END
num_q                 	all	25
num_ret               	all	25000
num_rel               	all	2132
num_rel_ret           	all	1438
map                   	all	0.3081
gm_map                	all	0.2367
Rprec                 	all	0.3469
bpref                 	all	0.3136
recip_rank            	all	0.8468
iprec_at_recall_0.00  	all	0.8742
iprec_at_recall_0.10  	all	0.6205
iprec_at_recall_0.20  	all	0.4818
iprec_at_recall_0.30  	all	0.4165
iprec_at_recall_0.40  	all	0.3381
iprec_at_recall_0.50  	all	0.2812
iprec_at_recall_0.60  	all	0.2246
iprec_at_recall_0.70  	all	0.1760
iprec_at_recall_0.80  	all	0.1124
iprec_at_recall_0.90  	all	0.0822
iprec_at_recall_1.00  	all	0.0128
P_5                   	all	0.6000
P_10                  	all	0.5560
P_15                  	all	0.5253
P_20                  	all	0.4780
P_30                  	all	0.4213
P_100                 	all	0.2672
P_200                 	all	0.1802
P_500                 	all	0.0989
P_1000                	all	0.0575
