runid                 	all	END
num_q                 	all	25
num_ret               	all	25000
num_rel               	all	2132
num_rel_ret           	all	1453
map                   	all	0.3240
gm_map                	all	0.2581
Rprec                 	all	0.3667
bpref                 	all	0.3298
recip_rank            	all	0.8663
iprec_at_recall_0.00  	all	0.8864
iprec_at_recall_0.10  	all	0.6479
iprec_at_recall_0.20  	all	0.5261
iprec_at_recall_0.30  	all	0.4401
iprec_at_recall_0.40  	all	0.3658
iprec_at_recall_0.50  	all	0.2957
iprec_at_recall_0.60  	all	0.2290
iprec_at_recall_0.70  	all	0.1754
iprec_at_recall_0.80  	all	0.1373
iprec_at_recall_0.90  	all	0.0793
iprec_at_recall_1.00  	all	0.0102
P_5                   	all	0.6240
P_10                  	all	0.5800
P_15                  	all	0.5573
P_20                  	all	0.5080
P_30                  	all	0.4480
P_100                 	all	0.2792
P_200                 	all	0.1858
P_500                 	all	0.1018
P_1000                	all	0.0581
