runid                 	all	END
num_q                 	all	25
num_ret               	all	25000
num_rel               	all	2132
num_rel_ret           	all	930
map                   	all	0.1150
gm_map                	all	0.0666
Rprec                 	all	0.1648
bpref                 	all	0.1703
recip_rank            	all	0.5685
iprec_at_recall_0.00  	all	0.6220
iprec_at_recall_0.10  	all	0.3092
iprec_at_recall_0.20  	all	0.1694
iprec_at_recall_0.30  	all	0.1224
iprec_at_recall_0.40  	all	0.0935
iprec_at_recall_0.50  	all	0.0759
iprec_at_recall_0.60  	all	0.0625
iprec_at_recall_0.70  	all	0.0444
iprec_at_recall_0.80  	all	0.0348
iprec_at_recall_0.90  	all	0.0298
iprec_at_recall_1.00  	all	0.0055
P_5                   	all	0.3840
P_10                  	all	0.3320
P_15                  	all	0.2827
P_20                  	all	0.2480
P_30                  	all	0.2093
P_100                 	all	0.1168
P_200                 	all	0.0850
P_500                 	all	0.0530
P_1000                	all	0.0372
