runid                 	all	END
num_q                 	all	25
num_ret               	all	25000
num_rel               	all	2132
num_rel_ret           	all	739
map                   	all	0.1005
gm_map                	all	0.0500
Rprec                 	all	0.1419
bpref                 	all	0.1582
recip_rank            	all	0.6014
iprec_at_recall_0.00  	all	0.6226
iprec_at_recall_0.10  	all	0.2365
iprec_at_recall_0.20  	all	0.1481
iprec_at_recall_0.30  	all	0.1081
iprec_at_recall_0.40  	all	0.0846
iprec_at_recall_0.50  	all	0.0658
iprec_at_recall_0.60  	all	0.0597
iprec_at_recall_0.70  	all	0.0485
iprec_at_recall_0.80  	all	0.0428
iprec_at_recall_0.90  	all	0.0270
iprec_at_recall_1.00  	all	0.0000
P_5                   	all	0.3200
P_10                  	all	0.2840
P_15                  	all	0.2213
P_20                  	all	0.2060
P_30                  	all	0.1853
P_100                 	all	0.1016
P_200                 	all	0.0752
P_500                 	all	0.0454
P_1000                	all	0.0296
