runid                 	all	END
num_q                 	all	25
num_ret               	all	25000
num_rel               	all	2132
num_rel_ret           	all	1095
map                   	all	0.2517
gm_map                	all	0.1658
Rprec                 	all	0.2980
bpref                 	all	0.2681
recip_rank            	all	0.8174
iprec_at_recall_0.00  	all	0.8381
iprec_at_recall_0.10  	all	0.5656
iprec_at_recall_0.20  	all	0.4131
iprec_at_recall_0.30  	all	0.3293
iprec_at_recall_0.40  	all	0.2518
iprec_at_recall_0.50  	all	0.1996
iprec_at_recall_0.60  	all	0.1530
iprec_at_recall_0.70  	all	0.1094
iprec_at_recall_0.80  	all	0.0847
iprec_at_recall_0.90  	all	0.0532
iprec_at_recall_1.00  	all	0.0057
P_5                   	all	0.6000
P_10                  	all	0.5440
P_15                  	all	0.5093
P_20                  	all	0.4620
P_30                  	all	0.3933
P_100                 	all	0.2100
P_200                 	all	0.1346
P_500                 	all	0.0715
P_1000                	all	0.0438
