runid                 	all	END
num_q                 	all	25
num_ret               	all	25000
num_rel               	all	2132
num_rel_ret           	all	897
map                   	all	0.1131
gm_map                	all	0.0597
Rprec                 	all	0.1617
bpref                 	all	0.1670
recip_rank            	all	0.5629
iprec_at_recall_0.00  	all	0.6136
iprec_at_recall_0.10  	all	0.3093
iprec_at_recall_0.20  	all	0.1635
iprec_at_recall_0.30  	all	0.1139
iprec_at_recall_0.40  	all	0.0903
iprec_at_recall_0.50  	all	0.0725
iprec_at_recall_0.60  	all	0.0616
iprec_at_recall_0.70  	all	0.0434
iprec_at_recall_0.80  	all	0.0345
iprec_at_recall_0.90  	all	0.0291
iprec_at_recall_1.00  	all	0.0044
P_5                   	all	0.3840
P_10                  	all	0.3240
P_15                  	all	0.2720
P_20                  	all	0.2400
P_30                  	all	0.2040
P_100                 	all	0.1120
P_200                 	all	0.0806
P_500                 	all	0.0507
P_1000                	all	0.0359
