runid                 	all	END
num_q                 	all	25
num_ret               	all	25000
num_rel               	all	2132
num_rel_ret           	all	1323
map                   	all	0.2953
gm_map                	all	0.1994
Rprec                 	all	0.3319
bpref                 	all	0.3042
recip_rank            	all	0.8358
iprec_at_recall_0.00  	all	0.8648
iprec_at_recall_0.10  	all	0.6103
iprec_at_recall_0.20  	all	0.4770
iprec_at_recall_0.30  	all	0.4006
iprec_at_recall_0.40  	all	0.3173
iprec_at_recall_0.50  	all	0.2533
iprec_at_recall_0.60  	all	0.2063
iprec_at_recall_0.70  	all	0.1661
iprec_at_recall_0.80  	all	0.1067
iprec_at_recall_0.90  	all	0.0767
iprec_at_recall_1.00  	all	0.0107
P_5                   	all	0.5680
P_10                  	all	0.5440
P_15                  	all	0.5067
P_20                  	all	0.4620
P_30                  	all	0.4053
P_100                 	all	0.2504
P_200                 	all	0.1700
P_500                 	all	0.0926
P_1000                	all	0.0529
