runid                 	all	END
num_q                 	all	25
num_ret               	all	25000
num_rel               	all	2132
num_rel_ret           	all	1313
map                   	all	0.2899
gm_map                	all	0.1963
Rprec                 	all	0.3330
bpref                 	all	0.2997
recip_rank            	all	0.8520
iprec_at_recall_0.00  	all	0.8746
iprec_at_recall_0.10  	all	0.6181
iprec_at_recall_0.20  	all	0.4833
iprec_at_recall_0.30  	all	0.3882
iprec_at_recall_0.40  	all	0.3132
iprec_at_recall_0.50  	all	0.2461
iprec_at_recall_0.60  	all	0.1911
iprec_at_recall_0.70  	all	0.1537
iprec_at_recall_0.80  	all	0.0996
iprec_at_recall_0.90  	all	0.0629
iprec_at_recall_1.00  	all	0.0092
P_5                   	all	0.5840
P_10                  	all	0.5240
P_15                  	all	0.5093
P_20                  	all	0.4620
P_30                  	all	0.3933
P_100                 	all	0.2492
P_200                 	all	0.1664
P_500                 	all	0.0895
P_1000                	all	0.0525
