runid                 	all	END
num_q                 	all	25
num_ret               	all	25000
num_rel               	all	2132
num_rel_ret           	all	1332
map                   	all	0.3076
gm_map                	all	0.2105
Rprec                 	all	0.3465
bpref                 	all	0.3140
recip_rank            	all	0.8636
iprec_at_recall_0.00  	all	0.8787
iprec_at_recall_0.10  	all	0.6246
iprec_at_recall_0.20  	all	0.5223
iprec_at_recall_0.30  	all	0.4184
iprec_at_recall_0.40  	all	0.3399
iprec_at_recall_0.50  	all	0.2625
iprec_at_recall_0.60  	all	0.2122
iprec_at_recall_0.70  	all	0.1649
iprec_at_recall_0.80  	all	0.1283
iprec_at_recall_0.90  	all	0.0773
iprec_at_recall_1.00  	all	0.0078
P_5                   	all	0.5920
P_10                  	all	0.5480
P_15                  	all	0.5253
P_20                  	all	0.4760
P_30                  	all	0.4253
P_100                 	all	0.2616
P_200                 	all	0.1730
P_500                 	all	0.0940
P_1000                	all	0.0533
